2016-10-07 14:53:45.541 [main] INFO  socketchatroom.Server - 创建连接...
2016-10-07 14:53:45.544 [main] INFO  socketchatroom.Server - 连接成功 等待连接
2016-10-07 14:56:04.806 [main] INFO  socketchatroom.Server - 创建连接...
2016-10-07 14:56:04.809 [main] INFO  socketchatroom.Server - 连接成功 等待连接
2016-10-07 14:56:29.289 [main] INFO  socketchatroom.Client - 尝试建立连接...
2016-10-07 14:56:29.330 [main] INFO  socketchatroom.Client - 连接成功
2016-10-07 15:00:48.589 [main] INFO  socketchatroom.Server - 创建连接...
2016-10-07 15:00:48.592 [main] INFO  socketchatroom.Server - 连接成功 等待连接
2016-10-07 15:02:33.152 [main] INFO  socketchatroom.Server - 创建连接...
2016-10-07 15:02:33.154 [main] INFO  socketchatroom.Server - 连接成功 等待连接
2016-10-07 15:02:35.709 [main] INFO  socketchatroom.Client - 尝试建立连接...
2016-10-07 15:02:35.713 [main] INFO  socketchatroom.Client - 连接成功
2016-10-07 15:02:35.713 [main] INFO  socketchatroom.Server - 客户端1连接成功
2016-10-07 15:06:27.798 [main] INFO  socketchatroom.Server - 创建连接...
2016-10-07 15:06:27.801 [main] INFO  socketchatroom.Server - 连接成功 等待连接
2016-10-07 15:10:44.755 [main] INFO  socketchatroom.Server - 创建连接...
2016-10-07 15:10:44.758 [main] INFO  socketchatroom.Server - 连接成功 等待连接
2016-10-07 15:10:48.773 [main] INFO  socketchatroom.Server - 客户端1连接成功
2016-10-07 15:12:59.140 [main] INFO  socketchatroom.Server - 创建连接...
2016-10-07 15:12:59.143 [main] INFO  socketchatroom.Server - 连接成功 等待连接
2016-10-07 15:13:03.023 [main] INFO  socketchatroom.Server - 客户端1连接成功
2016-10-07 15:13:07.573 [客户端1] INFO  socketchatroom.Server - 客户端1已退出...
2016-10-07 15:20:09.851 [main] INFO  socketchatroom.Server - 创建连接...
2016-10-07 15:20:09.853 [main] INFO  socketchatroom.Server - 连接成功 等待连接
2016-10-07 15:20:13.619 [main] INFO  socketchatroom.Server - 客户端1连接成功
2016-10-07 15:20:18.174 [main] INFO  socketchatroom.Server - 客户端2连接成功
2016-10-07 15:20:31.618 [客户端2] INFO  socketchatroom.Server - 客户端2已退出...
2016-10-07 15:20:32.643 [客户端1] INFO  socketchatroom.Server - 客户端1已退出...
2016-10-07 15:42:26.234 [main] INFO  socketchatroom.Server - 创建连接...
2016-10-07 15:42:26.237 [main] INFO  socketchatroom.Server - 连接成功 等待连接
2016-10-07 15:42:30.211 [main] INFO  socketchatroom.Server - 客户端1连接成功
2016-10-07 15:42:33.770 [main] INFO  socketchatroom.Server - 客户端2连接成功
2016-10-07 15:43:06.290 [客户端1] INFO  socketchatroom.Server - 客户端1已退出...
2016-10-07 15:43:07.515 [客户端2] INFO  socketchatroom.Server - 客户端2已退出...
2016-10-07 15:44:41.334 [main] INFO  socketchatroom.Server - 创建连接...
2016-10-07 15:44:41.337 [main] INFO  socketchatroom.Server - 连接成功 等待连接
2016-10-07 15:44:46.503 [main] INFO  socketchatroom.Server - 客户端1连接成功
2016-10-07 15:44:49.010 [main] INFO  socketchatroom.Server - 客户端2连接成功
2016-10-07 15:45:33.058 [客户端2] INFO  socketchatroom.Server - 客户端2已退出...
2016-10-07 15:45:34.458 [客户端1] INFO  socketchatroom.Server - 客户端1已退出...
2016-10-07 15:55:15.811 [main] INFO  socketchatroom.Server - 创建连接...
2016-10-07 15:55:15.814 [main] INFO  socketchatroom.Server - 连接成功 等待连接
2016-10-07 15:55:22.673 [main] INFO  socketchatroom.Server - 客户端1连接成功
2016-10-07 15:55:25.705 [main] INFO  socketchatroom.Server - 客户端2连接成功
2016-10-07 15:56:32.497 [main] INFO  socketchatroom.Server - 创建连接...
2016-10-07 15:56:32.500 [main] INFO  socketchatroom.Server - 连接成功 等待连接
2016-10-07 15:56:36.122 [main] INFO  socketchatroom.Server - 客户端1连接成功
2016-10-07 15:56:38.256 [main] INFO  socketchatroom.Server - 客户端2连接成功
2016-10-07 15:57:00.823 [客户端1] INFO  socketchatroom.Server - 客户端1已退出...
2016-10-07 15:57:02.093 [客户端2] INFO  socketchatroom.Server - 客户端2已退出...
2016-10-07 16:04:17.158 [main] INFO  socketchatroom.Server - 创建连接...
2016-10-07 16:04:17.161 [main] INFO  socketchatroom.Server - 连接成功 等待连接
2016-10-07 16:04:22.471 [main] INFO  socketchatroom.Server - 客户端1连接成功
2016-10-07 16:04:24.641 [main] INFO  socketchatroom.Server - 客户端2连接成功
2016-10-07 16:05:00.069 [客户端1] INFO  socketchatroom.Server - 客户端1已退出...
2016-10-07 16:05:01.423 [客户端2] INFO  socketchatroom.Server - 客户端2已退出...
2016-10-07 16:27:11.261 [main] INFO  socketchatroom.Server - 创建连接...
2016-10-07 16:27:11.287 [main] INFO  socketchatroom.Server - 连接成功 等待连接
2016-10-07 16:27:28.693 [main] INFO  socketchatroom.Server - 客户端1连接成功
2016-10-07 16:27:31.957 [main] INFO  socketchatroom.Server - 客户端2连接成功
2016-10-07 16:27:37.303 [客户端2] WARN  socketchatroom.Server - 客户端2有敏感词汇 已被屏蔽
2016-10-07 16:27:48.334 [客户端2] INFO  socketchatroom.Server - 客户端2已退出...
2016-10-07 16:27:50.675 [客户端1] INFO  socketchatroom.Server - 客户端1已退出...
2016-10-07 16:36:51.750 [main] INFO  socketchatroom.Server - 创建连接...
2016-10-07 16:36:51.753 [main] INFO  socketchatroom.Server - 连接成功 等待连接
